<?xml version="1.0" encoding="UTF-8"?>
<!-- Generated by org.testng.reporters.JUnitReportReporter -->
<testsuite hostname="ADMIN" failures="0" tests="1" name="testscripts.regression.ChromeLaunch" time="36.421" errors="0" timestamp="2022-06-16T09:50:28 IST" skipped="0">
  <testcase classname="testscripts.regression.ChromeLaunch" name="browserLaunchTest" time="36.421"/>
  <system-out/>
</testsuite> <!-- testscripts.regression.ChromeLaunch -->
