<?xml version="1.0" encoding="UTF-8"?>
<!-- Generated by org.testng.reporters.JUnitReportReporter -->
<testsuite hostname="ADMIN" failures="0" tests="1" name="testscripts.regression.ValidateLoginPOM" time="19.215" errors="0" timestamp="2022-06-22T09:36:11 IST" skipped="0">
  <testcase classname="testscripts.regression.ValidateLoginPOM" name="validateLoginTest" time="19.215"/>
  <system-out/>
</testsuite> <!-- testscripts.regression.ValidateLoginPOM -->
