<?xml version="1.0" encoding="UTF-8"?>
<!-- Generated by org.testng.reporters.JUnitReportReporter -->
<testsuite hostname="ADMIN" failures="0" tests="4" name="testscripts.regression.ValidateLoginUsingDataProviderExcel" time="72.083" errors="0" timestamp="2022-06-17T09:54:11 IST" skipped="0">
  <testcase classname="testscripts.regression.ValidateLoginUsingDataProviderExcel" name="validateLoginTest" time="16.600"/>
  <system-out/>
  <testcase classname="testscripts.regression.ValidateLoginUsingDataProviderExcel" name="validateLoginTest" time="17.856"/>
  <system-out/>
  <testcase classname="testscripts.regression.ValidateLoginUsingDataProviderExcel" name="validateLoginTest" time="20.836"/>
  <system-out/>
  <testcase classname="testscripts.regression.ValidateLoginUsingDataProviderExcel" name="validateLoginTest" time="16.791"/>
  <system-out/>
</testsuite> <!-- testscripts.regression.ValidateLoginUsingDataProviderExcel -->
