<?xml version="1.0" encoding="UTF-8"?>
<!-- Generated by org.testng.reporters.JUnitReportReporter -->
<testsuite hostname="ADMIN" failures="0" tests="1" name="testscripts.regression.ValidateLoginUsingKeywords" time="17.659" errors="0" timestamp="2022-06-20T09:48:56 IST" skipped="0">
  <testcase classname="testscripts.regression.ValidateLoginUsingKeywords" name="validateLoginTest" time="17.659"/>
  <system-out/>
</testsuite> <!-- testscripts.regression.ValidateLoginUsingKeywords -->
