<?xml version="1.0" encoding="UTF-8"?>
<!-- Generated by org.testng.reporters.JUnitReportReporter -->
<testsuite hostname="ADMIN" failures="0" tests="1" name="testscripts.regression.ValidateLogin" time="37.053" errors="0" timestamp="2022-06-17T09:28:06 IST" skipped="0">
  <testcase classname="testscripts.regression.ValidateLogin" name="validateLoginTest" time="37.053"/>
  <system-out/>
</testsuite> <!-- testscripts.regression.ValidateLogin -->
