<?xml version="1.0" encoding="UTF-8"?>
<!-- Generated by org.testng.reporters.JUnitReportReporter -->
<testsuite hostname="ADMIN" failures="0" tests="4" name="testscripts.regression.ValidateLoginUsingHybrid" time="58.377" errors="0" timestamp="2022-06-20T09:58:01 IST" skipped="0">
  <testcase classname="testscripts.regression.ValidateLoginUsingHybrid" name="validateLoginTest" time="16.740"/>
  <system-out/>
  <testcase classname="testscripts.regression.ValidateLoginUsingHybrid" name="validateLoginTest" time="13.811"/>
  <system-out/>
  <testcase classname="testscripts.regression.ValidateLoginUsingHybrid" name="validateLoginTest" time="13.464"/>
  <system-out/>
  <testcase classname="testscripts.regression.ValidateLoginUsingHybrid" name="validateLoginTest" time="14.362"/>
  <system-out/>
</testsuite> <!-- testscripts.regression.ValidateLoginUsingHybrid -->
