<?xml version="1.0" encoding="UTF-8"?>
<!-- Generated by org.testng.reporters.JUnitReportReporter -->
<testsuite hostname="ADMIN" failures="0" tests="4" name="testscripts.regression.ValidateLoginPOMDataProvider" time="109.462" errors="0" timestamp="2022-06-22T10:06:06 IST" skipped="0">
  <testcase classname="testscripts.regression.ValidateLoginPOMDataProvider" name="validateLoginTest" time="31.970"/>
  <system-out/>
  <testcase classname="testscripts.regression.ValidateLoginPOMDataProvider" name="validateLoginTest" time="24.318"/>
  <system-out/>
  <testcase classname="testscripts.regression.ValidateLoginPOMDataProvider" name="validateLoginTest" time="27.043"/>
  <system-out/>
  <testcase classname="testscripts.regression.ValidateLoginPOMDataProvider" name="validateLoginTest" time="26.131"/>
  <system-out/>
</testsuite> <!-- testscripts.regression.ValidateLoginPOMDataProvider -->
