<?xml version="1.0" encoding="UTF-8"?>
<!-- Generated by org.testng.reporters.JUnitReportReporter -->
<testsuite hostname="ADMIN" failures="0" tests="4" name="testscripts.regression.ValidateLoginUsingDataProvider" time="106.053" errors="0" timestamp="2022-06-17T09:41:34 IST" skipped="0">
  <testcase classname="testscripts.regression.ValidateLoginUsingDataProvider" name="validateLoginTest" time="32.819"/>
  <system-out/>
  <testcase classname="testscripts.regression.ValidateLoginUsingDataProvider" name="validateLoginTest" time="22.547"/>
  <system-out/>
  <testcase classname="testscripts.regression.ValidateLoginUsingDataProvider" name="validateLoginTest" time="24.979"/>
  <system-out/>
  <testcase classname="testscripts.regression.ValidateLoginUsingDataProvider" name="validateLoginTest" time="25.708"/>
  <system-out/>
</testsuite> <!-- testscripts.regression.ValidateLoginUsingDataProvider -->
